Analysis & Synthesis report for MIPS_PROCESSOR_PRAC2
Mon Apr 16 20:09:23 2018
Quartus II 32-bit Version 12.1 Build 177 11/07/2012 SJ Web Edition


---------------------
; Table of Contents ;
---------------------
  1. Legal Notice
  2. Analysis & Synthesis Summary
  3. Analysis & Synthesis Settings
  4. Parallel Compilation
  5. Analysis & Synthesis Source Files Read
  6. Analysis & Synthesis Resource Usage Summary
  7. Analysis & Synthesis Resource Utilization by Entity
  8. Registers Removed During Synthesis
  9. General Register Statistics
 10. Multiplexer Restructuring Statistics (Restructuring Performed)
 11. Parameter Settings for User Entity Instance: Top-level Entity: |MIPS_Processor
 12. Parameter Settings for User Entity Instance: PC_Register:programCounter
 13. Parameter Settings for User Entity Instance: ProgramMemory:ROMProgramMemory
 14. Parameter Settings for User Entity Instance: Multiplexer2to1:MUX_ForRTypeAndIType
 15. Parameter Settings for User Entity Instance: Multiplexer2to1:MUX_ForReadDataAndInmediate
 16. Parameter Settings for User Entity Instance: Multiplexer2to1:MUX_MemtoReg
 17. Parameter Settings for User Entity Instance: Multiplexer2to1:MUX_PC_OFFSET
 18. Parameter Settings for User Entity Instance: RegisterFile:Register_File
 19. Parameter Settings for User Entity Instance: RegisterFile:Register_File|Register:Register_Zero
 20. Parameter Settings for User Entity Instance: RegisterFile:Register_File|Register:Register_at
 21. Parameter Settings for User Entity Instance: RegisterFile:Register_File|Register:Register_v0
 22. Parameter Settings for User Entity Instance: RegisterFile:Register_File|Register:Register_v1
 23. Parameter Settings for User Entity Instance: RegisterFile:Register_File|Register:Register_a0
 24. Parameter Settings for User Entity Instance: RegisterFile:Register_File|Register:Register_a1
 25. Parameter Settings for User Entity Instance: RegisterFile:Register_File|Register:Register_a2
 26. Parameter Settings for User Entity Instance: RegisterFile:Register_File|Register:Register_a3
 27. Parameter Settings for User Entity Instance: RegisterFile:Register_File|Register:Register_t0
 28. Parameter Settings for User Entity Instance: RegisterFile:Register_File|Register:Register_t1
 29. Parameter Settings for User Entity Instance: RegisterFile:Register_File|Register:Register_t2
 30. Parameter Settings for User Entity Instance: RegisterFile:Register_File|Register:Register_t3
 31. Parameter Settings for User Entity Instance: RegisterFile:Register_File|Register:Register_t4
 32. Parameter Settings for User Entity Instance: RegisterFile:Register_File|Register:Register_t5
 33. Parameter Settings for User Entity Instance: RegisterFile:Register_File|Register:Register_t6
 34. Parameter Settings for User Entity Instance: RegisterFile:Register_File|Register:Register_t7
 35. Parameter Settings for User Entity Instance: RegisterFile:Register_File|Register:Register_s0
 36. Parameter Settings for User Entity Instance: RegisterFile:Register_File|Register:Register_s1
 37. Parameter Settings for User Entity Instance: RegisterFile:Register_File|Register:Register_s2
 38. Parameter Settings for User Entity Instance: RegisterFile:Register_File|Register:Register_s3
 39. Parameter Settings for User Entity Instance: RegisterFile:Register_File|Register:Register_s4
 40. Parameter Settings for User Entity Instance: RegisterFile:Register_File|Register:Register_s5
 41. Parameter Settings for User Entity Instance: RegisterFile:Register_File|Register:Register_s6
 42. Parameter Settings for User Entity Instance: RegisterFile:Register_File|Register:Register_s7
 43. Parameter Settings for User Entity Instance: RegisterFile:Register_File|Register:Register_t8
 44. Parameter Settings for User Entity Instance: RegisterFile:Register_File|Register:Register_t9
 45. Parameter Settings for User Entity Instance: RegisterFile:Register_File|Register:Register_k0
 46. Parameter Settings for User Entity Instance: RegisterFile:Register_File|Register:Register_k1
 47. Parameter Settings for User Entity Instance: RegisterFile:Register_File|Register:Register_gp
 48. Parameter Settings for User Entity Instance: RegisterFile:Register_File|Register:Register_sp
 49. Parameter Settings for User Entity Instance: RegisterFile:Register_File|Register:Register_fp
 50. Parameter Settings for User Entity Instance: RegisterFile:Register_File|Register:Register_ra
 51. Parameter Settings for User Entity Instance: RegisterFile:Register_File|MUXRegisterFile:MUXRegister1
 52. Parameter Settings for User Entity Instance: RegisterFile:Register_File|MUXRegisterFile:MUXRegister2
 53. Parameter Settings for User Entity Instance: Adder32bits:PC_Puls_4
 54. Parameter Settings for User Entity Instance: Adder32bits:PC_OFFSET
 55. Parameter Settings for User Entity Instance: DataMemory:RAM
 56. Port Connectivity Checks: "Adder32bits:PC_Puls_4"
 57. Port Connectivity Checks: "ALU:ArithmeticLogicUnit"
 58. Port Connectivity Checks: "RegisterFile:Register_File|Register:Register_Zero"
 59. Port Connectivity Checks: "Control:ControlUnit"
 60. Elapsed Time Per Partition
 61. Analysis & Synthesis Messages



----------------
; Legal Notice ;
----------------
Copyright (C) 1991-2012 Altera Corporation
Your use of Altera Corporation's design tools, logic functions 
and other software and tools, and its AMPP partner logic 
functions, and any output files from any of the foregoing 
(including device programming or simulation files), and any 
associated documentation or information are expressly subject 
to the terms and conditions of the Altera Program License 
Subscription Agreement, Altera MegaCore Function License 
Agreement, or other applicable license agreement, including, 
without limitation, that your use is for the sole purpose of 
programming logic devices manufactured by Altera and sold by 
Altera or its authorized distributors.  Please refer to the 
applicable agreement for further details.



+-------------------------------------------------------------------------------+
; Analysis & Synthesis Summary                                                  ;
+------------------------------------+------------------------------------------+
; Analysis & Synthesis Status        ; Successful - Mon Apr 16 20:09:23 2018    ;
; Quartus II 32-bit Version          ; 12.1 Build 177 11/07/2012 SJ Web Edition ;
; Revision Name                      ; MIPS_PROCESSOR_PRAC2                     ;
; Top-level Entity Name              ; MIPS_Processor                           ;
; Family                             ; Cyclone IV E                             ;
; Total logic elements               ; 2,381                                    ;
;     Total combinational functions  ; 1,421                                    ;
;     Dedicated logic registers      ; 1,000                                    ;
; Total registers                    ; 1000                                     ;
; Total pins                         ; 89                                       ;
; Total virtual pins                 ; 0                                        ;
; Total memory bits                  ; 0                                        ;
; Embedded Multiplier 9-bit elements ; 0                                        ;
; Total PLLs                         ; 0                                        ;
+------------------------------------+------------------------------------------+


+------------------------------------------------------------------------------------------------------------------------+
; Analysis & Synthesis Settings                                                                                          ;
+----------------------------------------------------------------------------+--------------------+----------------------+
; Option                                                                     ; Setting            ; Default Value        ;
+----------------------------------------------------------------------------+--------------------+----------------------+
; Device                                                                     ; EP4CE115F29C7      ;                      ;
; Top-level entity name                                                      ; MIPS_Processor     ; MIPS_PROCESSOR_PRAC2 ;
; Family name                                                                ; Cyclone IV E       ; Cyclone IV GX        ;
; Use smart compilation                                                      ; Off                ; Off                  ;
; Enable parallel Assembler and TimeQuest Timing Analyzer during compilation ; On                 ; On                   ;
; Enable compact report table                                                ; Off                ; Off                  ;
; Restructure Multiplexers                                                   ; Auto               ; Auto                 ;
; Create Debugging Nodes for IP Cores                                        ; Off                ; Off                  ;
; Preserve fewer node names                                                  ; On                 ; On                   ;
; Disable OpenCore Plus hardware evaluation                                  ; Off                ; Off                  ;
; Verilog Version                                                            ; Verilog_2001       ; Verilog_2001         ;
; VHDL Version                                                               ; VHDL_1993          ; VHDL_1993            ;
; State Machine Processing                                                   ; Auto               ; Auto                 ;
; Safe State Machine                                                         ; Off                ; Off                  ;
; Extract Verilog State Machines                                             ; On                 ; On                   ;
; Extract VHDL State Machines                                                ; On                 ; On                   ;
; Ignore Verilog initial constructs                                          ; Off                ; Off                  ;
; Iteration limit for constant Verilog loops                                 ; 5000               ; 5000                 ;
; Iteration limit for non-constant Verilog loops                             ; 250                ; 250                  ;
; Add Pass-Through Logic to Inferred RAMs                                    ; On                 ; On                   ;
; Infer RAMs from Raw Logic                                                  ; On                 ; On                   ;
; Parallel Synthesis                                                         ; On                 ; On                   ;
; DSP Block Balancing                                                        ; Auto               ; Auto                 ;
; NOT Gate Push-Back                                                         ; On                 ; On                   ;
; Power-Up Don't Care                                                        ; On                 ; On                   ;
; Remove Redundant Logic Cells                                               ; Off                ; Off                  ;
; Remove Duplicate Registers                                                 ; On                 ; On                   ;
; Ignore CARRY Buffers                                                       ; Off                ; Off                  ;
; Ignore CASCADE Buffers                                                     ; Off                ; Off                  ;
; Ignore GLOBAL Buffers                                                      ; Off                ; Off                  ;
; Ignore ROW GLOBAL Buffers                                                  ; Off                ; Off                  ;
; Ignore LCELL Buffers                                                       ; Off                ; Off                  ;
; Ignore SOFT Buffers                                                        ; On                 ; On                   ;
; Limit AHDL Integers to 32 Bits                                             ; Off                ; Off                  ;
; Optimization Technique                                                     ; Balanced           ; Balanced             ;
; Carry Chain Length                                                         ; 70                 ; 70                   ;
; Auto Carry Chains                                                          ; On                 ; On                   ;
; Auto Open-Drain Pins                                                       ; On                 ; On                   ;
; Perform WYSIWYG Primitive Resynthesis                                      ; Off                ; Off                  ;
; Auto ROM Replacement                                                       ; On                 ; On                   ;
; Auto RAM Replacement                                                       ; On                 ; On                   ;
; Auto DSP Block Replacement                                                 ; On                 ; On                   ;
; Auto Shift Register Replacement                                            ; Auto               ; Auto                 ;
; Allow Shift Register Merging across Hierarchies                            ; Auto               ; Auto                 ;
; Auto Clock Enable Replacement                                              ; On                 ; On                   ;
; Strict RAM Replacement                                                     ; Off                ; Off                  ;
; Allow Synchronous Control Signals                                          ; On                 ; On                   ;
; Force Use of Synchronous Clear Signals                                     ; Off                ; Off                  ;
; Auto RAM Block Balancing                                                   ; On                 ; On                   ;
; Auto RAM to Logic Cell Conversion                                          ; Off                ; Off                  ;
; Auto Resource Sharing                                                      ; Off                ; Off                  ;
; Allow Any RAM Size For Recognition                                         ; Off                ; Off                  ;
; Allow Any ROM Size For Recognition                                         ; Off                ; Off                  ;
; Allow Any Shift Register Size For Recognition                              ; Off                ; Off                  ;
; Use LogicLock Constraints during Resource Balancing                        ; On                 ; On                   ;
; Ignore translate_off and synthesis_off directives                          ; Off                ; Off                  ;
; Timing-Driven Synthesis                                                    ; On                 ; On                   ;
; Report Parameter Settings                                                  ; On                 ; On                   ;
; Report Source Assignments                                                  ; On                 ; On                   ;
; Report Connectivity Checks                                                 ; On                 ; On                   ;
; Ignore Maximum Fan-Out Assignments                                         ; Off                ; Off                  ;
; Synchronization Register Chain Length                                      ; 2                  ; 2                    ;
; PowerPlay Power Optimization                                               ; Normal compilation ; Normal compilation   ;
; HDL message level                                                          ; Level2             ; Level2               ;
; Suppress Register Optimization Related Messages                            ; Off                ; Off                  ;
; Number of Removed Registers Reported in Synthesis Report                   ; 5000               ; 5000                 ;
; Number of Swept Nodes Reported in Synthesis Report                         ; 5000               ; 5000                 ;
; Number of Inverted Registers Reported in Synthesis Report                  ; 100                ; 100                  ;
; Clock MUX Protection                                                       ; On                 ; On                   ;
; Auto Gated Clock Conversion                                                ; Off                ; Off                  ;
; Block Design Naming                                                        ; Auto               ; Auto                 ;
; SDC constraint protection                                                  ; Off                ; Off                  ;
; Synthesis Effort                                                           ; Auto               ; Auto                 ;
; Shift Register Replacement - Allow Asynchronous Clear Signal               ; On                 ; On                   ;
; Pre-Mapping Resynthesis Optimization                                       ; Off                ; Off                  ;
; Analysis & Synthesis Message Level                                         ; Medium             ; Medium               ;
; Disable Register Merging Across Hierarchies                                ; Auto               ; Auto                 ;
; Resource Aware Inference For Block RAM                                     ; On                 ; On                   ;
; Synthesis Seed                                                             ; 1                  ; 1                    ;
+----------------------------------------------------------------------------+--------------------+----------------------+


Parallel compilation was disabled, but you have multiple processors available. Enable parallel compilation to reduce compilation time.
+-------------------------------------+
; Parallel Compilation                ;
+----------------------------+--------+
; Processors                 ; Number ;
+----------------------------+--------+
; Number detected on machine ; 4      ;
; Maximum allowed            ; 1      ;
+----------------------------+--------+


+------------------------------------------------------------------------------------------------------------------------------------------+
; Analysis & Synthesis Source Files Read                                                                                                   ;
+----------------------------------+-----------------+------------------------------+--------------------------------------------+---------+
; File Name with User-Entered Path ; Used in Netlist ; File Type                    ; File Name with Absolute Path               ; Library ;
+----------------------------------+-----------------+------------------------------+--------------------------------------------+---------+
; DecoderRegisterFile.v            ; yes             ; User Verilog HDL File        ; C:/PortableGit/Prac2/DecoderRegisterFile.v ;         ;
; MUXRegisterFile.v                ; yes             ; User Verilog HDL File        ; C:/PortableGit/Prac2/MUXRegisterFile.v     ;         ;
; Register.v                       ; yes             ; User Verilog HDL File        ; C:/PortableGit/Prac2/Register.v            ;         ;
; PC_Register.v                    ; yes             ; User Verilog HDL File        ; C:/PortableGit/Prac2/PC_Register.v         ;         ;
; Adder32bits.v                    ; yes             ; User Verilog HDL File        ; C:/PortableGit/Prac2/Adder32bits.v         ;         ;
; MIPS_Processor.v                 ; yes             ; User Verilog HDL File        ; C:/PortableGit/Prac2/MIPS_Processor.v      ;         ;
; Multiplexer2to1.v                ; yes             ; User Verilog HDL File        ; C:/PortableGit/Prac2/Multiplexer2to1.v     ;         ;
; ProgramMemory.v                  ; yes             ; User Verilog HDL File        ; C:/PortableGit/Prac2/ProgramMemory.v       ;         ;
; ALUControl.v                     ; yes             ; User Verilog HDL File        ; C:/PortableGit/Prac2/ALUControl.v          ;         ;
; DataMemory.v                     ; yes             ; User Verilog HDL File        ; C:/PortableGit/Prac2/DataMemory.v          ;         ;
; ShiftLeft2.v                     ; yes             ; User Verilog HDL File        ; C:/PortableGit/Prac2/ShiftLeft2.v          ;         ;
; SignExtend.v                     ; yes             ; User Verilog HDL File        ; C:/PortableGit/Prac2/SignExtend.v          ;         ;
; Control.v                        ; yes             ; User Verilog HDL File        ; C:/PortableGit/Prac2/Control.v             ;         ;
; RegisterFile.v                   ; yes             ; User Verilog HDL File        ; C:/PortableGit/Prac2/RegisterFile.v        ;         ;
; ALU.v                            ; yes             ; User Verilog HDL File        ; C:/PortableGit/Prac2/ALU.v                 ;         ;
; text.dat                         ; yes             ; Auto-Found Unspecified File  ; C:/PortableGit/Prac2/text.dat              ;         ;
+----------------------------------+-----------------+------------------------------+--------------------------------------------+---------+


+-----------------------------------------------------+
; Analysis & Synthesis Resource Usage Summary         ;
+---------------------------------------------+-------+
; Resource                                    ; Usage ;
+---------------------------------------------+-------+
; Estimated Total logic elements              ; 2,381 ;
;                                             ;       ;
; Total combinational functions               ; 1421  ;
; Logic element usage by number of LUT inputs ;       ;
;     -- 4 input functions                    ; 1268  ;
;     -- 3 input functions                    ; 124   ;
;     -- <=2 input functions                  ; 29    ;
;                                             ;       ;
; Logic elements by mode                      ;       ;
;     -- normal mode                          ; 1384  ;
;     -- arithmetic mode                      ; 37    ;
;                                             ;       ;
; Total registers                             ; 1000  ;
;     -- Dedicated logic registers            ; 1000  ;
;     -- I/O registers                        ; 0     ;
;                                             ;       ;
; I/O pins                                    ; 89    ;
; Embedded Multiplier 9-bit elements          ; 0     ;
; Maximum fan-out                             ; 1000  ;
; Total fan-out                               ; 9628  ;
; Average fan-out                             ; 3.70  ;
+---------------------------------------------+-------+


+-------------------------------------------------------------------------------------------------------------------------------------------------------------------------------------------------------------------------------------------------------+
; Analysis & Synthesis Resource Utilization by Entity                                                                                                                                                                                                   ;
+--------------------------------------------------+-------------------+--------------+-------------+--------------+---------+-----------+------+--------------+-------------------------------------------------------------------------+--------------+
; Compilation Hierarchy Node                       ; LC Combinationals ; LC Registers ; Memory Bits ; DSP Elements ; DSP 9x9 ; DSP 18x18 ; Pins ; Virtual Pins ; Full Hierarchy Name                                                     ; Library Name ;
+--------------------------------------------------+-------------------+--------------+-------------+--------------+---------+-----------+------+--------------+-------------------------------------------------------------------------+--------------+
; |MIPS_Processor                                  ; 1421 (0)          ; 1000 (0)     ; 0           ; 0            ; 0       ; 0         ; 89   ; 0            ; |MIPS_Processor                                                         ;              ;
;    |ALU:ArithmeticLogicUnit|                     ; 134 (134)         ; 0 (0)        ; 0           ; 0            ; 0       ; 0         ; 0    ; 0            ; |MIPS_Processor|ALU:ArithmeticLogicUnit                                 ;              ;
;    |ALUControl:ArithmeticLogicUnitControl|       ; 4 (4)             ; 0 (0)        ; 0           ; 0            ; 0       ; 0         ; 0    ; 0            ; |MIPS_Processor|ALUControl:ArithmeticLogicUnitControl                   ;              ;
;    |Multiplexer2to1:MUX_ForReadDataAndInmediate| ; 352 (352)         ; 0 (0)        ; 0           ; 0            ; 0       ; 0         ; 0    ; 0            ; |MIPS_Processor|Multiplexer2to1:MUX_ForReadDataAndInmediate             ;              ;
;    |PC_Register:programCounter|                  ; 8 (8)             ; 8 (8)        ; 0           ; 0            ; 0       ; 0         ; 0    ; 0            ; |MIPS_Processor|PC_Register:programCounter                              ;              ;
;    |ProgramMemory:ROMProgramMemory|              ; 44 (44)           ; 0 (0)        ; 0           ; 0            ; 0       ; 0         ; 0    ; 0            ; |MIPS_Processor|ProgramMemory:ROMProgramMemory                          ;              ;
;    |RegisterFile:Register_File|                  ; 879 (0)           ; 992 (0)      ; 0           ; 0            ; 0       ; 0         ; 0    ; 0            ; |MIPS_Processor|RegisterFile:Register_File                              ;              ;
;       |DecoderRegisterFile:Decoder|              ; 47 (47)           ; 0 (0)        ; 0           ; 0            ; 0       ; 0         ; 0    ; 0            ; |MIPS_Processor|RegisterFile:Register_File|DecoderRegisterFile:Decoder  ;              ;
;       |MUXRegisterFile:MUXRegister1|             ; 816 (816)         ; 0 (0)        ; 0           ; 0            ; 0       ; 0         ; 0    ; 0            ; |MIPS_Processor|RegisterFile:Register_File|MUXRegisterFile:MUXRegister1 ;              ;
;       |MUXRegisterFile:MUXRegister2|             ; 16 (16)           ; 0 (0)        ; 0           ; 0            ; 0       ; 0         ; 0    ; 0            ; |MIPS_Processor|RegisterFile:Register_File|MUXRegisterFile:MUXRegister2 ;              ;
;       |Register:Register_a0|                     ; 0 (0)             ; 32 (32)      ; 0           ; 0            ; 0       ; 0         ; 0    ; 0            ; |MIPS_Processor|RegisterFile:Register_File|Register:Register_a0         ;              ;
;       |Register:Register_a1|                     ; 0 (0)             ; 32 (32)      ; 0           ; 0            ; 0       ; 0         ; 0    ; 0            ; |MIPS_Processor|RegisterFile:Register_File|Register:Register_a1         ;              ;
;       |Register:Register_a2|                     ; 0 (0)             ; 32 (32)      ; 0           ; 0            ; 0       ; 0         ; 0    ; 0            ; |MIPS_Processor|RegisterFile:Register_File|Register:Register_a2         ;              ;
;       |Register:Register_a3|                     ; 0 (0)             ; 32 (32)      ; 0           ; 0            ; 0       ; 0         ; 0    ; 0            ; |MIPS_Processor|RegisterFile:Register_File|Register:Register_a3         ;              ;
;       |Register:Register_at|                     ; 0 (0)             ; 32 (32)      ; 0           ; 0            ; 0       ; 0         ; 0    ; 0            ; |MIPS_Processor|RegisterFile:Register_File|Register:Register_at         ;              ;
;       |Register:Register_fp|                     ; 0 (0)             ; 32 (32)      ; 0           ; 0            ; 0       ; 0         ; 0    ; 0            ; |MIPS_Processor|RegisterFile:Register_File|Register:Register_fp         ;              ;
;       |Register:Register_gp|                     ; 0 (0)             ; 32 (32)      ; 0           ; 0            ; 0       ; 0         ; 0    ; 0            ; |MIPS_Processor|RegisterFile:Register_File|Register:Register_gp         ;              ;
;       |Register:Register_k0|                     ; 0 (0)             ; 32 (32)      ; 0           ; 0            ; 0       ; 0         ; 0    ; 0            ; |MIPS_Processor|RegisterFile:Register_File|Register:Register_k0         ;              ;
;       |Register:Register_k1|                     ; 0 (0)             ; 32 (32)      ; 0           ; 0            ; 0       ; 0         ; 0    ; 0            ; |MIPS_Processor|RegisterFile:Register_File|Register:Register_k1         ;              ;
;       |Register:Register_ra|                     ; 0 (0)             ; 32 (32)      ; 0           ; 0            ; 0       ; 0         ; 0    ; 0            ; |MIPS_Processor|RegisterFile:Register_File|Register:Register_ra         ;              ;
;       |Register:Register_s0|                     ; 0 (0)             ; 32 (32)      ; 0           ; 0            ; 0       ; 0         ; 0    ; 0            ; |MIPS_Processor|RegisterFile:Register_File|Register:Register_s0         ;              ;
;       |Register:Register_s1|                     ; 0 (0)             ; 32 (32)      ; 0           ; 0            ; 0       ; 0         ; 0    ; 0            ; |MIPS_Processor|RegisterFile:Register_File|Register:Register_s1         ;              ;
;       |Register:Register_s2|                     ; 0 (0)             ; 32 (32)      ; 0           ; 0            ; 0       ; 0         ; 0    ; 0            ; |MIPS_Processor|RegisterFile:Register_File|Register:Register_s2         ;              ;
;       |Register:Register_s3|                     ; 0 (0)             ; 32 (32)      ; 0           ; 0            ; 0       ; 0         ; 0    ; 0            ; |MIPS_Processor|RegisterFile:Register_File|Register:Register_s3         ;              ;
;       |Register:Register_s4|                     ; 0 (0)             ; 32 (32)      ; 0           ; 0            ; 0       ; 0         ; 0    ; 0            ; |MIPS_Processor|RegisterFile:Register_File|Register:Register_s4         ;              ;
;       |Register:Register_s5|                     ; 0 (0)             ; 32 (32)      ; 0           ; 0            ; 0       ; 0         ; 0    ; 0            ; |MIPS_Processor|RegisterFile:Register_File|Register:Register_s5         ;              ;
;       |Register:Register_s6|                     ; 0 (0)             ; 32 (32)      ; 0           ; 0            ; 0       ; 0         ; 0    ; 0            ; |MIPS_Processor|RegisterFile:Register_File|Register:Register_s6         ;              ;
;       |Register:Register_s7|                     ; 0 (0)             ; 32 (32)      ; 0           ; 0            ; 0       ; 0         ; 0    ; 0            ; |MIPS_Processor|RegisterFile:Register_File|Register:Register_s7         ;              ;
;       |Register:Register_sp|                     ; 0 (0)             ; 32 (32)      ; 0           ; 0            ; 0       ; 0         ; 0    ; 0            ; |MIPS_Processor|RegisterFile:Register_File|Register:Register_sp         ;              ;
;       |Register:Register_t0|                     ; 0 (0)             ; 32 (32)      ; 0           ; 0            ; 0       ; 0         ; 0    ; 0            ; |MIPS_Processor|RegisterFile:Register_File|Register:Register_t0         ;              ;
;       |Register:Register_t1|                     ; 0 (0)             ; 32 (32)      ; 0           ; 0            ; 0       ; 0         ; 0    ; 0            ; |MIPS_Processor|RegisterFile:Register_File|Register:Register_t1         ;              ;
;       |Register:Register_t2|                     ; 0 (0)             ; 32 (32)      ; 0           ; 0            ; 0       ; 0         ; 0    ; 0            ; |MIPS_Processor|RegisterFile:Register_File|Register:Register_t2         ;              ;
;       |Register:Register_t3|                     ; 0 (0)             ; 32 (32)      ; 0           ; 0            ; 0       ; 0         ; 0    ; 0            ; |MIPS_Processor|RegisterFile:Register_File|Register:Register_t3         ;              ;
;       |Register:Register_t4|                     ; 0 (0)             ; 32 (32)      ; 0           ; 0            ; 0       ; 0         ; 0    ; 0            ; |MIPS_Processor|RegisterFile:Register_File|Register:Register_t4         ;              ;
;       |Register:Register_t5|                     ; 0 (0)             ; 32 (32)      ; 0           ; 0            ; 0       ; 0         ; 0    ; 0            ; |MIPS_Processor|RegisterFile:Register_File|Register:Register_t5         ;              ;
;       |Register:Register_t6|                     ; 0 (0)             ; 32 (32)      ; 0           ; 0            ; 0       ; 0         ; 0    ; 0            ; |MIPS_Processor|RegisterFile:Register_File|Register:Register_t6         ;              ;
;       |Register:Register_t7|                     ; 0 (0)             ; 32 (32)      ; 0           ; 0            ; 0       ; 0         ; 0    ; 0            ; |MIPS_Processor|RegisterFile:Register_File|Register:Register_t7         ;              ;
;       |Register:Register_t8|                     ; 0 (0)             ; 32 (32)      ; 0           ; 0            ; 0       ; 0         ; 0    ; 0            ; |MIPS_Processor|RegisterFile:Register_File|Register:Register_t8         ;              ;
;       |Register:Register_t9|                     ; 0 (0)             ; 32 (32)      ; 0           ; 0            ; 0       ; 0         ; 0    ; 0            ; |MIPS_Processor|RegisterFile:Register_File|Register:Register_t9         ;              ;
;       |Register:Register_v0|                     ; 0 (0)             ; 32 (32)      ; 0           ; 0            ; 0       ; 0         ; 0    ; 0            ; |MIPS_Processor|RegisterFile:Register_File|Register:Register_v0         ;              ;
;       |Register:Register_v1|                     ; 0 (0)             ; 32 (32)      ; 0           ; 0            ; 0       ; 0         ; 0    ; 0            ; |MIPS_Processor|RegisterFile:Register_File|Register:Register_v1         ;              ;
+--------------------------------------------------+-------------------+--------------+-------------+--------------+---------+-----------+------+--------------+-------------------------------------------------------------------------+--------------+
Note: For table entries with two numbers listed, the numbers in parentheses indicate the number of resources of the given type used by the specific entity alone. The numbers listed outside of parentheses indicate the total resources of the given type used by the specific entity and all of its sub-entities in the hierarchy.


+-------------------------------------------------------------------------------------------------------------------------+
; Registers Removed During Synthesis                                                                                      ;
+---------------------------------------------------------------------+---------------------------------------------------+
; Register name                                                       ; Reason for Removal                                ;
+---------------------------------------------------------------------+---------------------------------------------------+
; RegisterFile:Register_File|Register:Register_Zero|DataOutput[0..31] ; Stuck at GND due to stuck port data_in            ;
; PC_Register:programCounter|PCValue[1]                               ; Merged with PC_Register:programCounter|PCValue[0] ;
; PC_Register:programCounter|PCValue[0]                               ; Stuck at GND due to stuck port data_in            ;
; PC_Register:programCounter|PCValue[10..31]                          ; Lost fanout                                       ;
; Total Number of Removed Registers = 56                              ;                                                   ;
+---------------------------------------------------------------------+---------------------------------------------------+


+------------------------------------------------------+
; General Register Statistics                          ;
+----------------------------------------------+-------+
; Statistic                                    ; Value ;
+----------------------------------------------+-------+
; Total registers                              ; 1000  ;
; Number of registers using Synchronous Clear  ; 0     ;
; Number of registers using Synchronous Load   ; 0     ;
; Number of registers using Asynchronous Clear ; 1000  ;
; Number of registers using Asynchronous Load  ; 0     ;
; Number of registers using Clock Enable       ; 992   ;
; Number of registers using Preset             ; 0     ;
+----------------------------------------------+-------+


+---------------------------------------------------------------------------------------------------------------------------------------------------------------------------------------------+
; Multiplexer Restructuring Statistics (Restructuring Performed)                                                                                                                              ;
+--------------------+-----------+---------------+----------------------+------------------------+------------+-------------------------------------------------------------------------------+
; Multiplexer Inputs ; Bus Width ; Baseline Area ; Area if Restructured ; Saving if Restructured ; Registered ; Example Multiplexer Output                                                    ;
+--------------------+-----------+---------------+----------------------+------------------------+------------+-------------------------------------------------------------------------------+
; 8:1                ; 32 bits   ; 160 LEs       ; 96 LEs               ; 64 LEs                 ; No         ; |MIPS_Processor|ALU:ArithmeticLogicUnit|Mux26                                 ;
; 16:1               ; 32 bits   ; 320 LEs       ; 320 LEs              ; 0 LEs                  ; No         ; |MIPS_Processor|RegisterFile:Register_File|MUXRegisterFile:MUXRegister1|Mux26 ;
; 17:1               ; 6 bits    ; 66 LEs        ; 66 LEs               ; 0 LEs                  ; No         ; |MIPS_Processor|Multiplexer2to1:MUX_ForReadDataAndInmediate|MUX_Output[6]     ;
; 17:1               ; 26 bits   ; 286 LEs       ; 286 LEs              ; 0 LEs                  ; No         ; |MIPS_Processor|Multiplexer2to1:MUX_ForReadDataAndInmediate|MUX_Output[29]    ;
+--------------------+-----------+---------------+----------------------+------------------------+------------+-------------------------------------------------------------------------------+


+--------------------------------------------------------------------------------+
; Parameter Settings for User Entity Instance: Top-level Entity: |MIPS_Processor ;
+----------------+-------+-------------------------------------------------------+
; Parameter Name ; Value ; Type                                                  ;
+----------------+-------+-------------------------------------------------------+
; MEMORY_DEPTH   ; 256   ; Signed Integer                                        ;
+----------------+-------+-------------------------------------------------------+
Note: In order to hide this table in the UI and the text report file, please set the "Show Parameter Settings in Synthesis Report" option in "Analysis and Synthesis Settings -> More Settings" to "Off".


+-------------------------------------------------------------------------+
; Parameter Settings for User Entity Instance: PC_Register:programCounter ;
+----------------+-------+------------------------------------------------+
; Parameter Name ; Value ; Type                                           ;
+----------------+-------+------------------------------------------------+
; N              ; 32    ; Signed Integer                                 ;
+----------------+-------+------------------------------------------------+
Note: In order to hide this table in the UI and the text report file, please set the "Show Parameter Settings in Synthesis Report" option in "Analysis and Synthesis Settings -> More Settings" to "Off".


+-----------------------------------------------------------------------------+
; Parameter Settings for User Entity Instance: ProgramMemory:ROMProgramMemory ;
+----------------+-------+----------------------------------------------------+
; Parameter Name ; Value ; Type                                               ;
+----------------+-------+----------------------------------------------------+
; MEMORY_DEPTH   ; 256   ; Signed Integer                                     ;
; DATA_WIDTH     ; 32    ; Signed Integer                                     ;
+----------------+-------+----------------------------------------------------+
Note: In order to hide this table in the UI and the text report file, please set the "Show Parameter Settings in Synthesis Report" option in "Analysis and Synthesis Settings -> More Settings" to "Off".


+-----------------------------------------------------------------------------------+
; Parameter Settings for User Entity Instance: Multiplexer2to1:MUX_ForRTypeAndIType ;
+----------------+-------+----------------------------------------------------------+
; Parameter Name ; Value ; Type                                                     ;
+----------------+-------+----------------------------------------------------------+
; NBits          ; 5     ; Signed Integer                                           ;
+----------------+-------+----------------------------------------------------------+
Note: In order to hide this table in the UI and the text report file, please set the "Show Parameter Settings in Synthesis Report" option in "Analysis and Synthesis Settings -> More Settings" to "Off".


+------------------------------------------------------------------------------------------+
; Parameter Settings for User Entity Instance: Multiplexer2to1:MUX_ForReadDataAndInmediate ;
+----------------+-------+-----------------------------------------------------------------+
; Parameter Name ; Value ; Type                                                            ;
+----------------+-------+-----------------------------------------------------------------+
; NBits          ; 32    ; Signed Integer                                                  ;
+----------------+-------+-----------------------------------------------------------------+
Note: In order to hide this table in the UI and the text report file, please set the "Show Parameter Settings in Synthesis Report" option in "Analysis and Synthesis Settings -> More Settings" to "Off".


+---------------------------------------------------------------------------+
; Parameter Settings for User Entity Instance: Multiplexer2to1:MUX_MemtoReg ;
+----------------+-------+--------------------------------------------------+
; Parameter Name ; Value ; Type                                             ;
+----------------+-------+--------------------------------------------------+
; NBits          ; 32    ; Signed Integer                                   ;
+----------------+-------+--------------------------------------------------+
Note: In order to hide this table in the UI and the text report file, please set the "Show Parameter Settings in Synthesis Report" option in "Analysis and Synthesis Settings -> More Settings" to "Off".


+----------------------------------------------------------------------------+
; Parameter Settings for User Entity Instance: Multiplexer2to1:MUX_PC_OFFSET ;
+----------------+-------+---------------------------------------------------+
; Parameter Name ; Value ; Type                                              ;
+----------------+-------+---------------------------------------------------+
; NBits          ; 32    ; Signed Integer                                    ;
+----------------+-------+---------------------------------------------------+
Note: In order to hide this table in the UI and the text report file, please set the "Show Parameter Settings in Synthesis Report" option in "Analysis and Synthesis Settings -> More Settings" to "Off".


+-------------------------------------------------------------------------+
; Parameter Settings for User Entity Instance: RegisterFile:Register_File ;
+----------------+-------+------------------------------------------------+
; Parameter Name ; Value ; Type                                           ;
+----------------+-------+------------------------------------------------+
; N              ; 32    ; Signed Integer                                 ;
+----------------+-------+------------------------------------------------+
Note: In order to hide this table in the UI and the text report file, please set the "Show Parameter Settings in Synthesis Report" option in "Analysis and Synthesis Settings -> More Settings" to "Off".


+------------------------------------------------------------------------------------------------+
; Parameter Settings for User Entity Instance: RegisterFile:Register_File|Register:Register_Zero ;
+----------------+-------+-----------------------------------------------------------------------+
; Parameter Name ; Value ; Type                                                                  ;
+----------------+-------+-----------------------------------------------------------------------+
; N              ; 32    ; Signed Integer                                                        ;
+----------------+-------+-----------------------------------------------------------------------+
Note: In order to hide this table in the UI and the text report file, please set the "Show Parameter Settings in Synthesis Report" option in "Analysis and Synthesis Settings -> More Settings" to "Off".


+----------------------------------------------------------------------------------------------+
; Parameter Settings for User Entity Instance: RegisterFile:Register_File|Register:Register_at ;
+----------------+-------+---------------------------------------------------------------------+
; Parameter Name ; Value ; Type                                                                ;
+----------------+-------+---------------------------------------------------------------------+
; N              ; 32    ; Signed Integer                                                      ;
+----------------+-------+---------------------------------------------------------------------+
Note: In order to hide this table in the UI and the text report file, please set the "Show Parameter Settings in Synthesis Report" option in "Analysis and Synthesis Settings -> More Settings" to "Off".


+----------------------------------------------------------------------------------------------+
; Parameter Settings for User Entity Instance: RegisterFile:Register_File|Register:Register_v0 ;
+----------------+-------+---------------------------------------------------------------------+
; Parameter Name ; Value ; Type                                                                ;
+----------------+-------+---------------------------------------------------------------------+
; N              ; 32    ; Signed Integer                                                      ;
+----------------+-------+---------------------------------------------------------------------+
Note: In order to hide this table in the UI and the text report file, please set the "Show Parameter Settings in Synthesis Report" option in "Analysis and Synthesis Settings -> More Settings" to "Off".


+----------------------------------------------------------------------------------------------+
; Parameter Settings for User Entity Instance: RegisterFile:Register_File|Register:Register_v1 ;
+----------------+-------+---------------------------------------------------------------------+
; Parameter Name ; Value ; Type                                                                ;
+----------------+-------+---------------------------------------------------------------------+
; N              ; 32    ; Signed Integer                                                      ;
+----------------+-------+---------------------------------------------------------------------+
Note: In order to hide this table in the UI and the text report file, please set the "Show Parameter Settings in Synthesis Report" option in "Analysis and Synthesis Settings -> More Settings" to "Off".


+----------------------------------------------------------------------------------------------+
; Parameter Settings for User Entity Instance: RegisterFile:Register_File|Register:Register_a0 ;
+----------------+-------+---------------------------------------------------------------------+
; Parameter Name ; Value ; Type                                                                ;
+----------------+-------+---------------------------------------------------------------------+
; N              ; 32    ; Signed Integer                                                      ;
+----------------+-------+---------------------------------------------------------------------+
Note: In order to hide this table in the UI and the text report file, please set the "Show Parameter Settings in Synthesis Report" option in "Analysis and Synthesis Settings -> More Settings" to "Off".


+----------------------------------------------------------------------------------------------+
; Parameter Settings for User Entity Instance: RegisterFile:Register_File|Register:Register_a1 ;
+----------------+-------+---------------------------------------------------------------------+
; Parameter Name ; Value ; Type                                                                ;
+----------------+-------+---------------------------------------------------------------------+
; N              ; 32    ; Signed Integer                                                      ;
+----------------+-------+---------------------------------------------------------------------+
Note: In order to hide this table in the UI and the text report file, please set the "Show Parameter Settings in Synthesis Report" option in "Analysis and Synthesis Settings -> More Settings" to "Off".


+----------------------------------------------------------------------------------------------+
; Parameter Settings for User Entity Instance: RegisterFile:Register_File|Register:Register_a2 ;
+----------------+-------+---------------------------------------------------------------------+
; Parameter Name ; Value ; Type                                                                ;
+----------------+-------+---------------------------------------------------------------------+
; N              ; 32    ; Signed Integer                                                      ;
+----------------+-------+---------------------------------------------------------------------+
Note: In order to hide this table in the UI and the text report file, please set the "Show Parameter Settings in Synthesis Report" option in "Analysis and Synthesis Settings -> More Settings" to "Off".


+----------------------------------------------------------------------------------------------+
; Parameter Settings for User Entity Instance: RegisterFile:Register_File|Register:Register_a3 ;
+----------------+-------+---------------------------------------------------------------------+
; Parameter Name ; Value ; Type                                                                ;
+----------------+-------+---------------------------------------------------------------------+
; N              ; 32    ; Signed Integer                                                      ;
+----------------+-------+---------------------------------------------------------------------+
Note: In order to hide this table in the UI and the text report file, please set the "Show Parameter Settings in Synthesis Report" option in "Analysis and Synthesis Settings -> More Settings" to "Off".


+----------------------------------------------------------------------------------------------+
; Parameter Settings for User Entity Instance: RegisterFile:Register_File|Register:Register_t0 ;
+----------------+-------+---------------------------------------------------------------------+
; Parameter Name ; Value ; Type                                                                ;
+----------------+-------+---------------------------------------------------------------------+
; N              ; 32    ; Signed Integer                                                      ;
+----------------+-------+---------------------------------------------------------------------+
Note: In order to hide this table in the UI and the text report file, please set the "Show Parameter Settings in Synthesis Report" option in "Analysis and Synthesis Settings -> More Settings" to "Off".


+----------------------------------------------------------------------------------------------+
; Parameter Settings for User Entity Instance: RegisterFile:Register_File|Register:Register_t1 ;
+----------------+-------+---------------------------------------------------------------------+
; Parameter Name ; Value ; Type                                                                ;
+----------------+-------+---------------------------------------------------------------------+
; N              ; 32    ; Signed Integer                                                      ;
+----------------+-------+---------------------------------------------------------------------+
Note: In order to hide this table in the UI and the text report file, please set the "Show Parameter Settings in Synthesis Report" option in "Analysis and Synthesis Settings -> More Settings" to "Off".


+----------------------------------------------------------------------------------------------+
; Parameter Settings for User Entity Instance: RegisterFile:Register_File|Register:Register_t2 ;
+----------------+-------+---------------------------------------------------------------------+
; Parameter Name ; Value ; Type                                                                ;
+----------------+-------+---------------------------------------------------------------------+
; N              ; 32    ; Signed Integer                                                      ;
+----------------+-------+---------------------------------------------------------------------+
Note: In order to hide this table in the UI and the text report file, please set the "Show Parameter Settings in Synthesis Report" option in "Analysis and Synthesis Settings -> More Settings" to "Off".


+----------------------------------------------------------------------------------------------+
; Parameter Settings for User Entity Instance: RegisterFile:Register_File|Register:Register_t3 ;
+----------------+-------+---------------------------------------------------------------------+
; Parameter Name ; Value ; Type                                                                ;
+----------------+-------+---------------------------------------------------------------------+
; N              ; 32    ; Signed Integer                                                      ;
+----------------+-------+---------------------------------------------------------------------+
Note: In order to hide this table in the UI and the text report file, please set the "Show Parameter Settings in Synthesis Report" option in "Analysis and Synthesis Settings -> More Settings" to "Off".


+----------------------------------------------------------------------------------------------+
; Parameter Settings for User Entity Instance: RegisterFile:Register_File|Register:Register_t4 ;
+----------------+-------+---------------------------------------------------------------------+
; Parameter Name ; Value ; Type                                                                ;
+----------------+-------+---------------------------------------------------------------------+
; N              ; 32    ; Signed Integer                                                      ;
+----------------+-------+---------------------------------------------------------------------+
Note: In order to hide this table in the UI and the text report file, please set the "Show Parameter Settings in Synthesis Report" option in "Analysis and Synthesis Settings -> More Settings" to "Off".


+----------------------------------------------------------------------------------------------+
; Parameter Settings for User Entity Instance: RegisterFile:Register_File|Register:Register_t5 ;
+----------------+-------+---------------------------------------------------------------------+
; Parameter Name ; Value ; Type                                                                ;
+----------------+-------+---------------------------------------------------------------------+
; N              ; 32    ; Signed Integer                                                      ;
+----------------+-------+---------------------------------------------------------------------+
Note: In order to hide this table in the UI and the text report file, please set the "Show Parameter Settings in Synthesis Report" option in "Analysis and Synthesis Settings -> More Settings" to "Off".


+----------------------------------------------------------------------------------------------+
; Parameter Settings for User Entity Instance: RegisterFile:Register_File|Register:Register_t6 ;
+----------------+-------+---------------------------------------------------------------------+
; Parameter Name ; Value ; Type                                                                ;
+----------------+-------+---------------------------------------------------------------------+
; N              ; 32    ; Signed Integer                                                      ;
+----------------+-------+---------------------------------------------------------------------+
Note: In order to hide this table in the UI and the text report file, please set the "Show Parameter Settings in Synthesis Report" option in "Analysis and Synthesis Settings -> More Settings" to "Off".


+----------------------------------------------------------------------------------------------+
; Parameter Settings for User Entity Instance: RegisterFile:Register_File|Register:Register_t7 ;
+----------------+-------+---------------------------------------------------------------------+
; Parameter Name ; Value ; Type                                                                ;
+----------------+-------+---------------------------------------------------------------------+
; N              ; 32    ; Signed Integer                                                      ;
+----------------+-------+---------------------------------------------------------------------+
Note: In order to hide this table in the UI and the text report file, please set the "Show Parameter Settings in Synthesis Report" option in "Analysis and Synthesis Settings -> More Settings" to "Off".


+----------------------------------------------------------------------------------------------+
; Parameter Settings for User Entity Instance: RegisterFile:Register_File|Register:Register_s0 ;
+----------------+-------+---------------------------------------------------------------------+
; Parameter Name ; Value ; Type                                                                ;
+----------------+-------+---------------------------------------------------------------------+
; N              ; 32    ; Signed Integer                                                      ;
+----------------+-------+---------------------------------------------------------------------+
Note: In order to hide this table in the UI and the text report file, please set the "Show Parameter Settings in Synthesis Report" option in "Analysis and Synthesis Settings -> More Settings" to "Off".


+----------------------------------------------------------------------------------------------+
; Parameter Settings for User Entity Instance: RegisterFile:Register_File|Register:Register_s1 ;
+----------------+-------+---------------------------------------------------------------------+
; Parameter Name ; Value ; Type                                                                ;
+----------------+-------+---------------------------------------------------------------------+
; N              ; 32    ; Signed Integer                                                      ;
+----------------+-------+---------------------------------------------------------------------+
Note: In order to hide this table in the UI and the text report file, please set the "Show Parameter Settings in Synthesis Report" option in "Analysis and Synthesis Settings -> More Settings" to "Off".


+----------------------------------------------------------------------------------------------+
; Parameter Settings for User Entity Instance: RegisterFile:Register_File|Register:Register_s2 ;
+----------------+-------+---------------------------------------------------------------------+
; Parameter Name ; Value ; Type                                                                ;
+----------------+-------+---------------------------------------------------------------------+
; N              ; 32    ; Signed Integer                                                      ;
+----------------+-------+---------------------------------------------------------------------+
Note: In order to hide this table in the UI and the text report file, please set the "Show Parameter Settings in Synthesis Report" option in "Analysis and Synthesis Settings -> More Settings" to "Off".


+----------------------------------------------------------------------------------------------+
; Parameter Settings for User Entity Instance: RegisterFile:Register_File|Register:Register_s3 ;
+----------------+-------+---------------------------------------------------------------------+
; Parameter Name ; Value ; Type                                                                ;
+----------------+-------+---------------------------------------------------------------------+
; N              ; 32    ; Signed Integer                                                      ;
+----------------+-------+---------------------------------------------------------------------+
Note: In order to hide this table in the UI and the text report file, please set the "Show Parameter Settings in Synthesis Report" option in "Analysis and Synthesis Settings -> More Settings" to "Off".


+----------------------------------------------------------------------------------------------+
; Parameter Settings for User Entity Instance: RegisterFile:Register_File|Register:Register_s4 ;
+----------------+-------+---------------------------------------------------------------------+
; Parameter Name ; Value ; Type                                                                ;
+----------------+-------+---------------------------------------------------------------------+
; N              ; 32    ; Signed Integer                                                      ;
+----------------+-------+---------------------------------------------------------------------+
Note: In order to hide this table in the UI and the text report file, please set the "Show Parameter Settings in Synthesis Report" option in "Analysis and Synthesis Settings -> More Settings" to "Off".


+----------------------------------------------------------------------------------------------+
; Parameter Settings for User Entity Instance: RegisterFile:Register_File|Register:Register_s5 ;
+----------------+-------+---------------------------------------------------------------------+
; Parameter Name ; Value ; Type                                                                ;
+----------------+-------+---------------------------------------------------------------------+
; N              ; 32    ; Signed Integer                                                      ;
+----------------+-------+---------------------------------------------------------------------+
Note: In order to hide this table in the UI and the text report file, please set the "Show Parameter Settings in Synthesis Report" option in "Analysis and Synthesis Settings -> More Settings" to "Off".


+----------------------------------------------------------------------------------------------+
; Parameter Settings for User Entity Instance: RegisterFile:Register_File|Register:Register_s6 ;
+----------------+-------+---------------------------------------------------------------------+
; Parameter Name ; Value ; Type                                                                ;
+----------------+-------+---------------------------------------------------------------------+
; N              ; 32    ; Signed Integer                                                      ;
+----------------+-------+---------------------------------------------------------------------+
Note: In order to hide this table in the UI and the text report file, please set the "Show Parameter Settings in Synthesis Report" option in "Analysis and Synthesis Settings -> More Settings" to "Off".


+----------------------------------------------------------------------------------------------+
; Parameter Settings for User Entity Instance: RegisterFile:Register_File|Register:Register_s7 ;
+----------------+-------+---------------------------------------------------------------------+
; Parameter Name ; Value ; Type                                                                ;
+----------------+-------+---------------------------------------------------------------------+
; N              ; 32    ; Signed Integer                                                      ;
+----------------+-------+---------------------------------------------------------------------+
Note: In order to hide this table in the UI and the text report file, please set the "Show Parameter Settings in Synthesis Report" option in "Analysis and Synthesis Settings -> More Settings" to "Off".


+----------------------------------------------------------------------------------------------+
; Parameter Settings for User Entity Instance: RegisterFile:Register_File|Register:Register_t8 ;
+----------------+-------+---------------------------------------------------------------------+
; Parameter Name ; Value ; Type                                                                ;
+----------------+-------+---------------------------------------------------------------------+
; N              ; 32    ; Signed Integer                                                      ;
+----------------+-------+---------------------------------------------------------------------+
Note: In order to hide this table in the UI and the text report file, please set the "Show Parameter Settings in Synthesis Report" option in "Analysis and Synthesis Settings -> More Settings" to "Off".


+----------------------------------------------------------------------------------------------+
; Parameter Settings for User Entity Instance: RegisterFile:Register_File|Register:Register_t9 ;
+----------------+-------+---------------------------------------------------------------------+
; Parameter Name ; Value ; Type                                                                ;
+----------------+-------+---------------------------------------------------------------------+
; N              ; 32    ; Signed Integer                                                      ;
+----------------+-------+---------------------------------------------------------------------+
Note: In order to hide this table in the UI and the text report file, please set the "Show Parameter Settings in Synthesis Report" option in "Analysis and Synthesis Settings -> More Settings" to "Off".


+----------------------------------------------------------------------------------------------+
; Parameter Settings for User Entity Instance: RegisterFile:Register_File|Register:Register_k0 ;
+----------------+-------+---------------------------------------------------------------------+
; Parameter Name ; Value ; Type                                                                ;
+----------------+-------+---------------------------------------------------------------------+
; N              ; 32    ; Signed Integer                                                      ;
+----------------+-------+---------------------------------------------------------------------+
Note: In order to hide this table in the UI and the text report file, please set the "Show Parameter Settings in Synthesis Report" option in "Analysis and Synthesis Settings -> More Settings" to "Off".


+----------------------------------------------------------------------------------------------+
; Parameter Settings for User Entity Instance: RegisterFile:Register_File|Register:Register_k1 ;
+----------------+-------+---------------------------------------------------------------------+
; Parameter Name ; Value ; Type                                                                ;
+----------------+-------+---------------------------------------------------------------------+
; N              ; 32    ; Signed Integer                                                      ;
+----------------+-------+---------------------------------------------------------------------+
Note: In order to hide this table in the UI and the text report file, please set the "Show Parameter Settings in Synthesis Report" option in "Analysis and Synthesis Settings -> More Settings" to "Off".


+----------------------------------------------------------------------------------------------+
; Parameter Settings for User Entity Instance: RegisterFile:Register_File|Register:Register_gp ;
+----------------+-------+---------------------------------------------------------------------+
; Parameter Name ; Value ; Type                                                                ;
+----------------+-------+---------------------------------------------------------------------+
; N              ; 32    ; Signed Integer                                                      ;
+----------------+-------+---------------------------------------------------------------------+
Note: In order to hide this table in the UI and the text report file, please set the "Show Parameter Settings in Synthesis Report" option in "Analysis and Synthesis Settings -> More Settings" to "Off".


+----------------------------------------------------------------------------------------------+
; Parameter Settings for User Entity Instance: RegisterFile:Register_File|Register:Register_sp ;
+----------------+-------+---------------------------------------------------------------------+
; Parameter Name ; Value ; Type                                                                ;
+----------------+-------+---------------------------------------------------------------------+
; N              ; 32    ; Signed Integer                                                      ;
+----------------+-------+---------------------------------------------------------------------+
Note: In order to hide this table in the UI and the text report file, please set the "Show Parameter Settings in Synthesis Report" option in "Analysis and Synthesis Settings -> More Settings" to "Off".


+----------------------------------------------------------------------------------------------+
; Parameter Settings for User Entity Instance: RegisterFile:Register_File|Register:Register_fp ;
+----------------+-------+---------------------------------------------------------------------+
; Parameter Name ; Value ; Type                                                                ;
+----------------+-------+---------------------------------------------------------------------+
; N              ; 32    ; Signed Integer                                                      ;
+----------------+-------+---------------------------------------------------------------------+
Note: In order to hide this table in the UI and the text report file, please set the "Show Parameter Settings in Synthesis Report" option in "Analysis and Synthesis Settings -> More Settings" to "Off".


+----------------------------------------------------------------------------------------------+
; Parameter Settings for User Entity Instance: RegisterFile:Register_File|Register:Register_ra ;
+----------------+-------+---------------------------------------------------------------------+
; Parameter Name ; Value ; Type                                                                ;
+----------------+-------+---------------------------------------------------------------------+
; N              ; 32    ; Signed Integer                                                      ;
+----------------+-------+---------------------------------------------------------------------+
Note: In order to hide this table in the UI and the text report file, please set the "Show Parameter Settings in Synthesis Report" option in "Analysis and Synthesis Settings -> More Settings" to "Off".


+------------------------------------------------------------------------------------------------------+
; Parameter Settings for User Entity Instance: RegisterFile:Register_File|MUXRegisterFile:MUXRegister1 ;
+----------------+-------+-----------------------------------------------------------------------------+
; Parameter Name ; Value ; Type                                                                        ;
+----------------+-------+-----------------------------------------------------------------------------+
; N              ; 32    ; Signed Integer                                                              ;
+----------------+-------+-----------------------------------------------------------------------------+
Note: In order to hide this table in the UI and the text report file, please set the "Show Parameter Settings in Synthesis Report" option in "Analysis and Synthesis Settings -> More Settings" to "Off".


+------------------------------------------------------------------------------------------------------+
; Parameter Settings for User Entity Instance: RegisterFile:Register_File|MUXRegisterFile:MUXRegister2 ;
+----------------+-------+-----------------------------------------------------------------------------+
; Parameter Name ; Value ; Type                                                                        ;
+----------------+-------+-----------------------------------------------------------------------------+
; N              ; 32    ; Signed Integer                                                              ;
+----------------+-------+-----------------------------------------------------------------------------+
Note: In order to hide this table in the UI and the text report file, please set the "Show Parameter Settings in Synthesis Report" option in "Analysis and Synthesis Settings -> More Settings" to "Off".


+--------------------------------------------------------------------+
; Parameter Settings for User Entity Instance: Adder32bits:PC_Puls_4 ;
+----------------+-------+-------------------------------------------+
; Parameter Name ; Value ; Type                                      ;
+----------------+-------+-------------------------------------------+
; NBits          ; 32    ; Signed Integer                            ;
+----------------+-------+-------------------------------------------+
Note: In order to hide this table in the UI and the text report file, please set the "Show Parameter Settings in Synthesis Report" option in "Analysis and Synthesis Settings -> More Settings" to "Off".


+--------------------------------------------------------------------+
; Parameter Settings for User Entity Instance: Adder32bits:PC_OFFSET ;
+----------------+-------+-------------------------------------------+
; Parameter Name ; Value ; Type                                      ;
+----------------+-------+-------------------------------------------+
; NBits          ; 32    ; Signed Integer                            ;
+----------------+-------+-------------------------------------------+
Note: In order to hide this table in the UI and the text report file, please set the "Show Parameter Settings in Synthesis Report" option in "Analysis and Synthesis Settings -> More Settings" to "Off".


+-------------------------------------------------------------+
; Parameter Settings for User Entity Instance: DataMemory:RAM ;
+----------------+-------+------------------------------------+
; Parameter Name ; Value ; Type                               ;
+----------------+-------+------------------------------------+
; DATA_WIDTH     ; 32    ; Signed Integer                     ;
; MEMORY_DEPTH   ; 256   ; Signed Integer                     ;
+----------------+-------+------------------------------------+
Note: In order to hide this table in the UI and the text report file, please set the "Show Parameter Settings in Synthesis Report" option in "Analysis and Synthesis Settings -> More Settings" to "Off".


+---------------------------------------------------+
; Port Connectivity Checks: "Adder32bits:PC_Puls_4" ;
+--------------+-------+----------+-----------------+
; Port         ; Type  ; Severity ; Details         ;
+--------------+-------+----------+-----------------+
; Data1[31..3] ; Input ; Info     ; Stuck at GND    ;
; Data1[1..0]  ; Input ; Info     ; Stuck at GND    ;
; Data1[2]     ; Input ; Info     ; Stuck at VCC    ;
+--------------+-------+----------+-----------------+


+----------------------------------------------------------------------------------------------------------------+
; Port Connectivity Checks: "ALU:ArithmeticLogicUnit"                                                            ;
+------+--------+----------+-------------------------------------------------------------------------------------+
; Port ; Type   ; Severity ; Details                                                                             ;
+------+--------+----------+-------------------------------------------------------------------------------------+
; Zero ; Output ; Info     ; Connected to dangling logic. Logic that only feeds a dangling port will be removed. ;
+------+--------+----------+-------------------------------------------------------------------------------------+


+-------------------------------------------------------------------------------+
; Port Connectivity Checks: "RegisterFile:Register_File|Register:Register_Zero" ;
+-----------+-------+----------+------------------------------------------------+
; Port      ; Type  ; Severity ; Details                                        ;
+-----------+-------+----------+------------------------------------------------+
; DataInput ; Input ; Info     ; Stuck at GND                                   ;
+-----------+-------+----------+------------------------------------------------+


+-----------------------------------------------------------------------------------------------------------------------------------------+
; Port Connectivity Checks: "Control:ControlUnit"                                                                                         ;
+----------+--------+----------+----------------------------------------------------------------------------------------------------------+
; Port     ; Type   ; Severity ; Details                                                                                                  ;
+----------+--------+----------+----------------------------------------------------------------------------------------------------------+
; BranchNE ; Output ; Info     ; Connected to dangling logic. Logic that only feeds a dangling port will be removed.                      ;
; BranchEQ ; Output ; Info     ; Connected to dangling logic. Logic that only feeds a dangling port will be removed.                      ;
; MemtoReg ; Output ; Warning  ; Declared by entity but not connected by instance. Logic that only feeds a dangling port will be removed. ;
+----------+--------+----------+----------------------------------------------------------------------------------------------------------+


+-------------------------------+
; Elapsed Time Per Partition    ;
+----------------+--------------+
; Partition Name ; Elapsed Time ;
+----------------+--------------+
; Top            ; 00:00:04     ;
+----------------+--------------+


+-------------------------------+
; Analysis & Synthesis Messages ;
+-------------------------------+
Info: *******************************************************************
Info: Running Quartus II 32-bit Analysis & Synthesis
    Info: Version 12.1 Build 177 11/07/2012 SJ Web Edition
    Info: Processing started: Mon Apr 16 20:09:16 2018
Info: Command: quartus_map --read_settings_files=on --write_settings_files=off MIPS_PROCESSOR_PRAC2 -c MIPS_PROCESSOR_PRAC2
Warning (20028): Parallel compilation is not licensed and has been disabled
Info (12021): Found 1 design units, including 1 entities, in source file decoderregisterfile.v
    Info (12023): Found entity 1: DecoderRegisterFile
Info (12021): Found 1 design units, including 1 entities, in source file muxregisterfile.v
    Info (12023): Found entity 1: MUXRegisterFile
Info (12021): Found 1 design units, including 1 entities, in source file register.v
    Info (12023): Found entity 1: Register
Info (12021): Found 1 design units, including 1 entities, in source file pc_register.v
    Info (12023): Found entity 1: PC_Register
Info (12021): Found 1 design units, including 1 entities, in source file adder32bits.v
    Info (12023): Found entity 1: Adder32bits
Info (12021): Found 1 design units, including 1 entities, in source file mips_processor_tb.v
    Info (12023): Found entity 1: MIPS_Processor_TB
Info (12021): Found 0 design units, including 0 entities, in source file definitions.v
Info (12021): Found 1 design units, including 1 entities, in source file mips_processor.v
    Info (12023): Found entity 1: MIPS_Processor
Info (12021): Found 1 design units, including 1 entities, in source file multiplexer2to1.v
    Info (12023): Found entity 1: Multiplexer2to1
Info (12021): Found 1 design units, including 1 entities, in source file programmemory.v
    Info (12023): Found entity 1: ProgramMemory
Info (12021): Found 1 design units, including 1 entities, in source file alucontrol.v
    Info (12023): Found entity 1: ALUControl
Info (12021): Found 1 design units, including 1 entities, in source file datamemory.v
    Info (12023): Found entity 1: DataMemory
Info (12021): Found 1 design units, including 1 entities, in source file shiftleft2.v
    Info (12023): Found entity 1: ShiftLeft2
Info (12021): Found 1 design units, including 1 entities, in source file signextend.v
    Info (12023): Found entity 1: SignExtend
Info (12021): Found 1 design units, including 1 entities, in source file andgate.v
    Info (12023): Found entity 1: ANDGate
Info (12021): Found 1 design units, including 1 entities, in source file control.v
    Info (12023): Found entity 1: Control
Info (12021): Found 1 design units, including 1 entities, in source file registerfile.v
    Info (12023): Found entity 1: RegisterFile
Info (12021): Found 1 design units, including 1 entities, in source file alu.v
    Info (12023): Found entity 1: ALU
Info (12127): Elaborating entity "MIPS_Processor" for the top level hierarchy
Info (12128): Elaborating entity "PC_Register" for hierarchy "PC_Register:programCounter"
Info (12128): Elaborating entity "ProgramMemory" for hierarchy "ProgramMemory:ROMProgramMemory"
Warning (10850): Verilog HDL warning at ProgramMemory.v(34): number of words (18) in memory file does not match the number of elements in the address range [0:255]
Warning (10030): Net "rom.data_a" at ProgramMemory.v(30) has no driver or initial value, using a default initial value '0'
Warning (10030): Net "rom.waddr_a" at ProgramMemory.v(30) has no driver or initial value, using a default initial value '0'
Warning (10030): Net "rom.we_a" at ProgramMemory.v(30) has no driver or initial value, using a default initial value '0'
Info (12128): Elaborating entity "Control" for hierarchy "Control:ControlUnit"
Info (12128): Elaborating entity "Multiplexer2to1" for hierarchy "Multiplexer2to1:MUX_ForRTypeAndIType"
Info (12128): Elaborating entity "Multiplexer2to1" for hierarchy "Multiplexer2to1:MUX_ForReadDataAndInmediate"
Info (12128): Elaborating entity "RegisterFile" for hierarchy "RegisterFile:Register_File"
Info (12128): Elaborating entity "DecoderRegisterFile" for hierarchy "RegisterFile:Register_File|DecoderRegisterFile:Decoder"
Info (12128): Elaborating entity "Register" for hierarchy "RegisterFile:Register_File|Register:Register_Zero"
Info (12128): Elaborating entity "MUXRegisterFile" for hierarchy "RegisterFile:Register_File|MUXRegisterFile:MUXRegister1"
Info (12128): Elaborating entity "SignExtend" for hierarchy "SignExtend:SignExtendForConstants"
Info (12128): Elaborating entity "ALUControl" for hierarchy "ALUControl:ArithmeticLogicUnitControl"
Info (12128): Elaborating entity "ALU" for hierarchy "ALU:ArithmeticLogicUnit"
Info (12128): Elaborating entity "Adder32bits" for hierarchy "Adder32bits:PC_Puls_4"
Info (12128): Elaborating entity "DataMemory" for hierarchy "DataMemory:RAM"
Info (12128): Elaborating entity "ShiftLeft2" for hierarchy "ShiftLeft2:BranchAddressShifter"
Info (276014): Found 1 instances of uninferred RAM logic
    Info (276007): RAM logic "RegisterFile:Register_File|DecoderRegisterFile:Decoder|Ram0" is uninferred due to asynchronous read logic
Warning (127007): Memory Initialization File or Hexadecimal (Intel-Format) File "C:/PortableGit/Prac2/db/MIPS_PROCESSOR_PRAC2.ram0_ProgramMemory_2093c3a2.hdl.mif" contains "don't care" values -- overwriting them with 0s
Warning (12241): 1 hierarchies have connectivity warnings - see the Connectivity Checks report folder
Warning (13024): Output pins are stuck at VCC or GND
    Warning (13410): Pin "PortOut[0]" is stuck at GND
    Warning (13410): Pin "PortOut[1]" is stuck at GND
    Warning (13410): Pin "PortOut[2]" is stuck at GND
    Warning (13410): Pin "PortOut[3]" is stuck at GND
    Warning (13410): Pin "PortOut[4]" is stuck at GND
    Warning (13410): Pin "PortOut[5]" is stuck at GND
    Warning (13410): Pin "PortOut[6]" is stuck at GND
    Warning (13410): Pin "PortOut[7]" is stuck at GND
    Warning (13410): Pin "PortOut[8]" is stuck at GND
    Warning (13410): Pin "PortOut[9]" is stuck at GND
    Warning (13410): Pin "PortOut[10]" is stuck at GND
    Warning (13410): Pin "PortOut[11]" is stuck at GND
    Warning (13410): Pin "PortOut[12]" is stuck at GND
    Warning (13410): Pin "PortOut[13]" is stuck at GND
    Warning (13410): Pin "PortOut[14]" is stuck at GND
    Warning (13410): Pin "PortOut[15]" is stuck at GND
    Warning (13410): Pin "PortOut[16]" is stuck at GND
    Warning (13410): Pin "PortOut[17]" is stuck at GND
    Warning (13410): Pin "PortOut[18]" is stuck at GND
    Warning (13410): Pin "PortOut[19]" is stuck at GND
    Warning (13410): Pin "PortOut[20]" is stuck at GND
    Warning (13410): Pin "PortOut[21]" is stuck at GND
    Warning (13410): Pin "PortOut[22]" is stuck at GND
    Warning (13410): Pin "PortOut[23]" is stuck at GND
    Warning (13410): Pin "PortOut[24]" is stuck at GND
    Warning (13410): Pin "PortOut[25]" is stuck at GND
    Warning (13410): Pin "PortOut[26]" is stuck at GND
    Warning (13410): Pin "PortOut[27]" is stuck at GND
    Warning (13410): Pin "PortOut[28]" is stuck at GND
    Warning (13410): Pin "PortOut[29]" is stuck at GND
    Warning (13410): Pin "PortOut[30]" is stuck at GND
    Warning (13410): Pin "PortOut[31]" is stuck at GND
Info (286030): Timing-Driven Synthesis is running
Info (17049): 22 registers lost all their fanouts during netlist optimizations.
Info (16010): Generating hard_block partition "hard_block:auto_generated_inst"
    Info (16011): Adding 0 node(s), including 0 DDIO, 0 PLL, 0 transceiver and 0 LCELL
Warning (21074): Design contains 8 input pin(s) that do not drive logic
    Warning (15610): No output dependent on input pin "PortIn[0]"
    Warning (15610): No output dependent on input pin "PortIn[1]"
    Warning (15610): No output dependent on input pin "PortIn[2]"
    Warning (15610): No output dependent on input pin "PortIn[3]"
    Warning (15610): No output dependent on input pin "PortIn[4]"
    Warning (15610): No output dependent on input pin "PortIn[5]"
    Warning (15610): No output dependent on input pin "PortIn[6]"
    Warning (15610): No output dependent on input pin "PortIn[7]"
Info (21057): Implemented 2502 device resources after synthesis - the final resource count might be different
    Info (21058): Implemented 10 input pins
    Info (21059): Implemented 79 output pins
    Info (21061): Implemented 2413 logic cells
Info: Quartus II 32-bit Analysis & Synthesis was successful. 0 errors, 49 warnings
    Info: Peak virtual memory: 355 megabytes
    Info: Processing ended: Mon Apr 16 20:09:23 2018
    Info: Elapsed time: 00:00:07
    Info: Total CPU time (on all processors): 00:00:07


