Flow report for MIPS_PROCESSOR_PRAC2
Mon Apr 16 20:09:23 2018
Quartus II 32-bit Version 12.1 Build 177 11/07/2012 SJ Web Edition


---------------------
; Table of Contents ;
---------------------
  1. Legal Notice
  2. Flow Summary
  3. Flow Settings
  4. Flow Non-Default Global Settings
  5. Flow Elapsed Time
  6. Flow OS Summary
  7. Flow Log



----------------
; Legal Notice ;
----------------
Copyright (C) 1991-2012 Altera Corporation
Your use of Altera Corporation's design tools, logic functions 
and other software and tools, and its AMPP partner logic 
functions, and any output files from any of the foregoing 
(including device programming or simulation files), and any 
associated documentation or information are expressly subject 
to the terms and conditions of the Altera Program License 
Subscription Agreement, Altera MegaCore Function License 
Agreement, or other applicable license agreement, including, 
without limitation, that your use is for the sole purpose of 
programming logic devices manufactured by Altera and sold by 
Altera or its authorized distributors.  Please refer to the 
applicable agreement for further details.



+-------------------------------------------------------------------------------+
; Flow Summary                                                                  ;
+------------------------------------+------------------------------------------+
; Flow Status                        ; Successful - Mon Apr 16 20:09:23 2018    ;
; Quartus II 32-bit Version          ; 12.1 Build 177 11/07/2012 SJ Web Edition ;
; Revision Name                      ; MIPS_PROCESSOR_PRAC2                     ;
; Top-level Entity Name              ; MIPS_Processor                           ;
; Family                             ; Cyclone IV E                             ;
; Device                             ; EP4CE115F29C7                            ;
; Timing Models                      ; Final                                    ;
; Total logic elements               ; 2,381                                    ;
;     Total combinational functions  ; 1,421                                    ;
;     Dedicated logic registers      ; 1,000                                    ;
; Total registers                    ; 1000                                     ;
; Total pins                         ; 89                                       ;
; Total virtual pins                 ; 0                                        ;
; Total memory bits                  ; 0                                        ;
; Embedded Multiplier 9-bit elements ; 0                                        ;
; Total PLLs                         ; 0                                        ;
+------------------------------------+------------------------------------------+


+------------------------------------------+
; Flow Settings                            ;
+-------------------+----------------------+
; Option            ; Setting              ;
+-------------------+----------------------+
; Start date & time ; 04/16/2018 20:09:17  ;
; Main task         ; Compilation          ;
; Revision Name     ; MIPS_PROCESSOR_PRAC2 ;
+-------------------+----------------------+


+--------------------------------------------------------------------------------------------------------------------------------------+
; Flow Non-Default Global Settings                                                                                                     ;
+-------------------------------------+---------------------------------------+----------------------+----------------+----------------+
; Assignment Name                     ; Value                                 ; Default Value        ; Entity Name    ; Section Id     ;
+-------------------------------------+---------------------------------------+----------------------+----------------+----------------+
; COMPILER_SIGNATURE_ID               ; 119004503378739.152392735711068       ; --                   ; --             ; --             ;
; EDA_OUTPUT_DATA_FORMAT              ; Verilog Hdl                           ; --                   ; --             ; eda_simulation ;
; EDA_SIMULATION_TOOL                 ; ModelSim-Altera (Verilog)             ; <None>               ; --             ; --             ;
; EDA_TIME_SCALE                      ; 1 ps                                  ; --                   ; --             ; eda_simulation ;
; MAX_CORE_JUNCTION_TEMP              ; 85                                    ; --                   ; --             ; --             ;
; MIN_CORE_JUNCTION_TEMP              ; 0                                     ; --                   ; --             ; --             ;
; PARTITION_COLOR                     ; 16764057                              ; --                   ; MIPS_Processor ; Top            ;
; PARTITION_FITTER_PRESERVATION_LEVEL ; PLACEMENT_AND_ROUTING                 ; --                   ; MIPS_Processor ; Top            ;
; PARTITION_NETLIST_TYPE              ; SOURCE                                ; --                   ; MIPS_Processor ; Top            ;
; POWER_BOARD_THERMAL_MODEL           ; None (CONSERVATIVE)                   ; --                   ; --             ; --             ;
; POWER_PRESET_COOLING_SOLUTION       ; 23 MM HEAT SINK WITH 200 LFPM AIRFLOW ; --                   ; --             ; --             ;
; PROJECT_OUTPUT_DIRECTORY            ; output_files                          ; --                   ; --             ; --             ;
; TOP_LEVEL_ENTITY                    ; MIPS_Processor                        ; MIPS_PROCESSOR_PRAC2 ; --             ; --             ;
+-------------------------------------+---------------------------------------+----------------------+----------------+----------------+


+--------------------------------------------------------------------------------------------------------------------------+
; Flow Elapsed Time                                                                                                        ;
+----------------------+--------------+-------------------------+---------------------+------------------------------------+
; Module Name          ; Elapsed Time ; Average Processors Used ; Peak Virtual Memory ; Total CPU Time (on all processors) ;
+----------------------+--------------+-------------------------+---------------------+------------------------------------+
; Analysis & Synthesis ; 00:00:06     ; 1.0                     ; 355 MB              ; 00:00:06                           ;
; Total                ; 00:00:06     ; --                      ; --                  ; 00:00:06                           ;
+----------------------+--------------+-------------------------+---------------------+------------------------------------+


+-----------------------------------------------------------------------------------+
; Flow OS Summary                                                                   ;
+----------------------+------------------+-----------+------------+----------------+
; Module Name          ; Machine Hostname ; OS Name   ; OS Version ; Processor type ;
+----------------------+------------------+-----------+------------+----------------+
; Analysis & Synthesis ; F10112           ; Windows 7 ; 6.1        ; x86_64         ;
+----------------------+------------------+-----------+------------+----------------+


------------
; Flow Log ;
------------
quartus_map --read_settings_files=on --write_settings_files=off MIPS_PROCESSOR_PRAC2 -c MIPS_PROCESSOR_PRAC2



